2022-09-30 16:25:20,031 - weather - INFO Get weather from api...
2022-09-30 16:25:20,135 - weather - INFO Weather: 
<h1>每日天气</h1>
<p>地区：郫县，检测时间：17:00</p>
<p>温度：21，湿度：61%</p>
<p>风向：西北风，风力：小于3级</p>
2022-09-30 16:39:46,527 - weather - INFO Get weather from api...
2022-09-30 16:39:46,625 - weather - INFO Weather: 
<h1>每日天气</h1>
<p>地区：郫县，检测时间：17:00</p>
<p>温度：21，湿度：61%</p>
<p>风向：西北风，风力：小于3级</p>
2022-09-30 16:50:15,269 - weather - INFO Get weather from api...
2022-09-30 16:50:15,371 - weather - INFO Weather: 
<h1>每日天气</h1>
<p>地区：郫县，检测时间：17:00</p>
<p>温度：21，湿度：61%</p>
<p>风向：西北风，风力：小于3级</p>
2022-09-30 16:58:33,787 - weather - INFO Get weather from api...
2022-09-30 16:58:33,893 - weather - INFO Weather: 
<h1>每日天气</h1>
<p>地区：郫县，检测时间：17:00</p>
<p>温度：21，湿度：61%</p>
<p>风向：西北风，风力：小于3级</p>
2022-09-30 16:59:05,571 - weather - INFO Get weather from api...
2022-09-30 16:59:05,676 - weather - INFO Weather: 
<h1>每日天气</h1>
<p>地区：郫县，检测时间：17:00</p>
<p>温度：21，湿度：61%</p>
<p>风向：西北风，风力：小于3级</p>
2022-09-30 16:59:39,444 - weather - INFO Get weather from api...
2022-09-30 16:59:39,561 - weather - INFO Weather: 
<h1>每日天气</h1>
<p>地区：郫县，检测时间：17:00</p>
<p>温度：21，湿度：61%</p>
<p>风向：西北风，风力：小于3级</p>
2022-09-30 17:01:12,822 - weather - INFO Get weather from api...
2022-09-30 17:01:12,925 - weather - INFO Weather: 
<h1>每日天气</h1>
<p>地区：郫县，检测时间：17:00</p>
<p>温度：21，湿度：61%</p>
<p>风向：西北风，风力：小于3级</p>
2022-09-30 17:04:40,041 - weather - INFO Get weather from api...
2022-09-30 17:04:40,041 - weather - INFO Get weather from api...
2022-09-30 17:04:40,153 - weather - INFO Weather: 
<h1>每日天气</h1>
<p>地区：郫县，检测时间：17:00</p>
<p>温度：21，湿度：61%</p>
<p>风向：西北风，风力：小于3级</p>
2022-09-30 17:04:40,153 - weather - INFO Weather: 
<h1>每日天气</h1>
<p>地区：郫县，检测时间：17:00</p>
<p>温度：21，湿度：61%</p>
<p>风向：西北风，风力：小于3级</p>
2022-09-30 17:04:41,542 - weather - INFO Get weather from api...
2022-09-30 17:04:41,542 - weather - INFO Get weather from api...
2022-09-30 17:04:41,638 - weather - INFO Weather: 
<h1>每日天气</h1>
<p>地区：郫县，检测时间：17:00</p>
<p>温度：21，湿度：61%</p>
<p>风向：西北风，风力：小于3级</p>
2022-09-30 17:04:41,638 - weather - INFO Weather: 
<h1>每日天气</h1>
<p>地区：郫县，检测时间：17:00</p>
<p>温度：21，湿度：61%</p>
<p>风向：西北风，风力：小于3级</p>
2022-09-30 17:08:00,903 - weather - INFO Get weather from api...
2022-09-30 17:08:00,903 - weather - INFO Get weather from api...
2022-09-30 17:08:00,996 - weather - INFO Weather: 
<h1>每日天气</h1>
<p>地区：郫县，检测时间：17:00</p>
<p>温度：21，湿度：61%</p>
<p>风向：西北风，风力：小于3级</p>
2022-09-30 17:08:00,996 - weather - INFO Weather: 
<h1>每日天气</h1>
<p>地区：郫县，检测时间：17:00</p>
<p>温度：21，湿度：61%</p>
<p>风向：西北风，风力：小于3级</p>
2022-09-30 17:08:02,392 - weather - INFO Get weather from api...
2022-09-30 17:08:02,392 - weather - INFO Get weather from api...
2022-09-30 17:08:02,478 - weather - INFO Weather: 
<h1>每日天气</h1>
<p>地区：郫县，检测时间：17:00</p>
<p>温度：21，湿度：61%</p>
<p>风向：西北风，风力：小于3级</p>
2022-09-30 17:08:02,478 - weather - INFO Weather: 
<h1>每日天气</h1>
<p>地区：郫县，检测时间：17:00</p>
<p>温度：21，湿度：61%</p>
<p>风向：西北风，风力：小于3级</p>
2022-10-01 17:01:04,246 - weather - INFO Get weather from api...
2022-10-01 17:01:04,407 - weather - INFO Weather: 
<h1>每日天气</h1>
<p>地区：郫县，检测时间：17:00</p>
<p>温度：21，湿度：61%</p>
<p>风向：西北风，风力：小于3级</p>
2022-10-01 17:01:39,744 - weather - INFO Get weather from api...
2022-10-01 17:01:39,835 - weather - INFO Weather: 
<h1>每日天气</h1>
<p>地区：郫县，检测时间：17:00</p>
<p>温度：21，湿度：61%</p>
<p>风向：西北风，风力：小于3级</p>
